Build started 07.02.2010 16:26:43.
     1>Project "C:\Program Files\Microsoft SDKs\Windows\v7.0\Samples\security\credentialproviders\SampleHardwareEventCredentialProvider\SampleHardwareEventCredentialProvider.vcxproj" on node 49 (build target(s)).
     1>_PrepareForBuild:
         Creating "x64\Debug\DiverOfDarkCredentialProvider.unsuccessfulbuild" because "AlwaysCreate" was specified.
       ClCompile:
         c:\Program Files (x86)\Microsoft Visual Studio 10.0\VC\bin\x86_amd64\CL.exe /c /I"C:\Program Files\Microsoft SDKs\Windows\v1.0\Include" /I"C:\Program Files\Microsoft SDKs\Windows\v7.0\Samples\security\credentialproviders\Helpers" /Zi /nologo /W4 /WX /Od /Oy- /D _WINDLL /D _UNICODE /D UNICODE /Gm- /EHsc /MDd /GS /fp:precise /Zc:wchar_t /Zc:forScope /Fo"x64\Debug\\" /Fd"x64\Debug\vc100.pdb" /Gd /TP /analyze- /errorReport:prompt CSampleCredential.cpp CommandWindow.cpp
         CSampleCredential.cpp
         CommandWindow.cpp
         Generating Code...
       ResourceCompile:
         All outputs are up-to-date.
       ManifestResourceCompile:
         All outputs are up-to-date.
       Link:
         c:\Program Files (x86)\Microsoft Visual Studio 10.0\VC\bin\x86_amd64\link.exe /ERRORREPORT:PROMPT /OUT:"C:\Program Files\Microsoft SDKs\Windows\v7.0\Samples\security\credentialproviders\x64\Debug\DiverOfDarkCredentialProvider.dll" /VERBOSE:Lib /INCREMENTAL /NOLOGO /LIBPATH:"C:\program Files\microsoft sdKs\Windows\v1.0\Lib" secur32.lib shlwapi.lib gdi32.lib ole32.lib user32.lib advapi32.lib credui.lib kernel32.lib user32.lib gdi32.lib winspool.lib comdlg32.lib advapi32.lib shell32.lib ole32.lib oleaut32.lib uuid.lib odbc32.lib odbccp32.lib /DEF:"SampleHardwareEventCredentialProvider.def" /ASSEMBLYMODULE:secur32.lib /ASSEMBLYRESOURCE:secur32.lib /MANIFEST /ManifestFile:"x64\Debug\DiverOfDarkCredentialProvider.dll.intermediate.manifest" /MANIFESTUAC:"level='asInvoker' uiAccess='false'" /DEBUG /PDB:"C:\Program Files\Microsoft SDKs\Windows\v7.0\Samples\security\credentialproviders\x64\Debug\DiverOfDarkCredentialProvider.pdb" /ASSEMBLYDEBUG /TLBID:1 /DYNAMICBASE /NXCOMPAT /IMPLIB:"C:\Program Files\Microsoft SDKs\Windows\v7.0\Samples\security\credentialproviders\x64\Debug\DiverOfDarkCredentialProvider.lib" /MACHINE:X64 /DLL x64\Debug\resources.res
         x64\Debug\CommandWindow.obj
         x64\Debug\CSampleCredential.obj
         x64\Debug\CSampleProvider.obj
         x64\Debug\guid.obj
         x64\Debug\MessageCredential.obj
         "C:\Program Files\Microsoft SDKs\Windows\v7.0\Samples\security\credentialproviders\x64\Debug\Helpers.lib"
         x64\Debug\DiverOfDarkCredentialProvider.dll.embed.manifest.res
         SampleHardwareEventCredentialProvider.vcxproj -> C:\Program Files\Microsoft SDKs\Windows\v7.0\Samples\security\credentialproviders\x64\Debug\DiverOfDarkCredentialProvider.dll
       Manifest:
         c:\Program Files (x86)\Microsoft SDKs\Windows\v7.0A\bin\mt.exe /nologo /verbose /out:"x64\Debug\DiverOfDarkCredentialProvider.dll.embed.manifest" /manifest x64\Debug\DiverOfDarkCredentialProvider.dll.intermediate.manifest
         c:\Program Files (x86)\Microsoft SDKs\Windows\v7.0A\bin\rc.exe /nologo /fo"x64\Debug\DiverOfDarkCredentialProvider.dll.embed.manifest.res" x64\Debug\DiverOfDarkCredentialProvider_manifest.rc 
       LinkEmbedManifest:
         c:\Program Files (x86)\Microsoft Visual Studio 10.0\VC\bin\x86_amd64\link.exe /ERRORREPORT:PROMPT /OUT:"C:\Program Files\Microsoft SDKs\Windows\v7.0\Samples\security\credentialproviders\x64\Debug\DiverOfDarkCredentialProvider.dll" /VERBOSE:Lib /INCREMENTAL /NOLOGO /LIBPATH:"C:\program Files\microsoft sdKs\Windows\v1.0\Lib" secur32.lib shlwapi.lib gdi32.lib ole32.lib user32.lib advapi32.lib credui.lib kernel32.lib user32.lib gdi32.lib winspool.lib comdlg32.lib advapi32.lib shell32.lib ole32.lib oleaut32.lib uuid.lib odbc32.lib odbccp32.lib /DEF:"SampleHardwareEventCredentialProvider.def" /ASSEMBLYMODULE:secur32.lib /ASSEMBLYRESOURCE:secur32.lib /MANIFEST /ManifestFile:"x64\Debug\DiverOfDarkCredentialProvider.dll.intermediate.manifest" /MANIFESTUAC:"level='asInvoker' uiAccess='false'" /DEBUG /PDB:"C:\Program Files\Microsoft SDKs\Windows\v7.0\Samples\security\credentialproviders\x64\Debug\DiverOfDarkCredentialProvider.pdb" /ASSEMBLYDEBUG /TLBID:1 /DYNAMICBASE /NXCOMPAT /IMPLIB:"C:\Program Files\Microsoft SDKs\Windows\v7.0\Samples\security\credentialproviders\x64\Debug\DiverOfDarkCredentialProvider.lib" /MACHINE:X64 /DLL x64\Debug\resources.res
         x64\Debug\CommandWindow.obj
         x64\Debug\CSampleCredential.obj
         x64\Debug\CSampleProvider.obj
         x64\Debug\guid.obj
         x64\Debug\MessageCredential.obj
         "C:\Program Files\Microsoft SDKs\Windows\v7.0\Samples\security\credentialproviders\x64\Debug\Helpers.lib"
         x64\Debug\DiverOfDarkCredentialProvider.dll.embed.manifest.res
         SampleHardwareEventCredentialProvider.vcxproj -> C:\Program Files\Microsoft SDKs\Windows\v7.0\Samples\security\credentialproviders\x64\Debug\DiverOfDarkCredentialProvider.dll
       PostBuildEvent:
         copy "C:\Program Files\Microsoft SDKs\Windows\v7.0\Samples\security\credentialproviders\x64\Debug\\DiverOfDarkCredentialProvider.dll" %systemroot%\system32 /Y
         :VCEnd
         Скопировано файлов:         1.
       _AfterBuild:
         Deleting file "x64\Debug\DiverOfDarkCredentialProvider.unsuccessfulbuild".
         Touching "x64\Debug\DiverOfDarkCredentialProvider.lastbuildstate".
     1>Done Building Project "C:\Program Files\Microsoft SDKs\Windows\v7.0\Samples\security\credentialproviders\SampleHardwareEventCredentialProvider\SampleHardwareEventCredentialProvider.vcxproj" (build target(s)).

Build succeeded.

Time Elapsed 00:00:07.05
